I, [2021-07-19T23:06:31.330593 #268476]  INFO -- : 
        Request: GET /tests/plain
        Handler: TestsController#plain
        Parameters: {}
        Response: 201 Created [text/plain] 
      
I, [2021-07-19T23:06:40.146013 #268476]  INFO -- : 
        Request: GET /tests/5
        Handler: TestsController#show
        Parameters: {:id=>"5"}
        Response: 200 OK [text/plain] 
      
I, [2021-07-19T23:06:51.112230 #268476]  INFO -- : 
        Request: GET /tests
        Handler: TestsController#index
        Parameters: {}
        Response: 200 OK [text/html] tests/index.html.erb
      
I, [2021-07-19T23:06:58.187223 #268476]  INFO -- : 
        Request: GET /tests/487/question/25?one=1
        Handler: TestsController#question
        Parameters: {"one"=>"1", :id=>"487", :question_id=>"25"}
        Response: 200 OK [text/plain] 
      
